[ 2017-06-08T19:36:01+08:00 ] 127.0.0.1 /
INFO: [ app_init ] --START--
INFO: Run Behavior\BuildLiteBehavior [ RunTime:0.000000s ]
INFO: [ app_init ] --END-- [ RunTime:0.000000s ]
INFO: [ app_begin ] --START--
INFO: Run Behavior\ReadHtmlCacheBehavior [ RunTime:0.001000s ]
INFO: [ app_begin ] --END-- [ RunTime:0.001000s ]
SQL: SHOW COLUMNS FROM `shop_cate` [ RunTime:0.0210s ]
SQL: SHOW COLUMNS FROM `shop_goods` [ RunTime:0.0030s ]
SQL: SELECT * FROM `shop_cate`  [ RunTime:0.0010s ]
SQL: SELECT * FROM `shop_goods` WHERE `is_recommend` = 1 AND `status` = 1 ORDER BY shop_order desc,id desc LIMIT 0,5   [ RunTime:0.0010s ]
SQL: SELECT * FROM `shop_goods` WHERE `is_hot` = 1 AND `status` = 1 ORDER BY shop_order desc,id desc LIMIT 0,5   [ RunTime:0.0000s ]
SQL: SELECT * FROM `shop_goods` WHERE `is_new` = 1 AND `status` = 1 ORDER BY shop_order desc,id desc LIMIT 0,5   [ RunTime:0.0010s ]
SQL: SHOW COLUMNS FROM `shop_cate` [ RunTime:0.0030s ]
SQL: SELECT * FROM `shop_cate` WHERE ( parent_id=1 )  [ RunTime:0.0000s ]
SQL: SELECT * FROM `shop_cate` WHERE ( parent_id=2 )  [ RunTime:0.0000s ]
SQL: SELECT * FROM `shop_cate` WHERE ( parent_id=4 )  [ RunTime:0.0000s ]
SQL: SELECT * FROM `shop_cate` WHERE ( parent_id=5 )  [ RunTime:0.0000s ]
SQL: SELECT * FROM `shop_cate` WHERE ( parent_id=6 )  [ RunTime:0.0010s ]
SQL: SELECT * FROM `shop_cate` WHERE ( parent_id=3 )  [ RunTime:0.0000s ]
SQL: SELECT * FROM `shop_cate` WHERE ( parent_id=7 )  [ RunTime:0.0000s ]
SQL: SELECT * FROM `shop_cate` WHERE ( parent_id=8 )  [ RunTime:0.0010s ]
SQL: SELECT * FROM `shop_cate` WHERE ( parent_id=9 )  [ RunTime:0.0000s ]
SQL: SELECT * FROM `shop_goods` WHERE `cate_id` IN ('2','4','5','6','3','7','8','9')  [ RunTime:0.0010s ]
SQL: SELECT * FROM `shop_cate` WHERE ( parent_id=10 )  [ RunTime:0.0000s ]
SQL: SELECT * FROM `shop_cate` WHERE ( parent_id=11 )  [ RunTime:0.0000s ]
SQL: SELECT * FROM `shop_cate` WHERE ( parent_id=14 )  [ RunTime:0.0010s ]
SQL: SELECT * FROM `shop_cate` WHERE ( parent_id=15 )  [ RunTime:0.0000s ]
SQL: SELECT * FROM `shop_cate` WHERE ( parent_id=12 )  [ RunTime:0.0000s ]
SQL: SELECT * FROM `shop_cate` WHERE ( parent_id=16 )  [ RunTime:0.0000s ]
SQL: SELECT * FROM `shop_cate` WHERE ( parent_id=17 )  [ RunTime:0.0000s ]
SQL: SELECT * FROM `shop_cate` WHERE ( parent_id=18 )  [ RunTime:0.0000s ]
SQL: SELECT * FROM `shop_cate` WHERE ( parent_id=13 )  [ RunTime:0.0000s ]
SQL: SELECT * FROM `shop_cate` WHERE ( parent_id=19 )  [ RunTime:0.0000s ]
SQL: SELECT * FROM `shop_cate` WHERE ( parent_id=20 )  [ RunTime:0.0000s ]
SQL: SELECT * FROM `shop_cate` WHERE ( parent_id=21 )  [ RunTime:0.0000s ]
SQL: SELECT * FROM `shop_goods` WHERE `cate_id` IN ('11','14','15','12','16','17','18','13','19','20','21')  [ RunTime:0.0000s ]
SQL: SELECT * FROM `shop_cate` WHERE ( parent_id=22 )  [ RunTime:0.0000s ]
SQL: SELECT * FROM `shop_cate` WHERE ( parent_id=23 )  [ RunTime:0.0010s ]
SQL: SELECT * FROM `shop_cate` WHERE ( parent_id=24 )  [ RunTime:0.0000s ]
SQL: SELECT * FROM `shop_cate` WHERE ( parent_id=25 )  [ RunTime:0.0000s ]
SQL: SELECT * FROM `shop_cate` WHERE ( parent_id=26 )  [ RunTime:0.0000s ]
INFO: [ view_parse ] --START--
INFO: [ template_filter ] --START--
INFO: Run Behavior\ContentReplaceBehavior [ RunTime:0.000000s ]
INFO: [ template_filter ] --END-- [ RunTime:0.000000s ]
NOTIC: [8] Undefined offset: 22 D:\phpStudy\WWW\myshop\shop\Runtime\Cache\Home\82c3c9ef9eecc4b856a4ee6f29a02af8.php 第 354 行.
NOTIC: [8] Undefined offset: 23 D:\phpStudy\WWW\myshop\shop\Runtime\Cache\Home\82c3c9ef9eecc4b856a4ee6f29a02af8.php 第 354 行.
NOTIC: [8] Undefined offset: 24 D:\phpStudy\WWW\myshop\shop\Runtime\Cache\Home\82c3c9ef9eecc4b856a4ee6f29a02af8.php 第 354 行.
NOTIC: [8] Undefined offset: 25 D:\phpStudy\WWW\myshop\shop\Runtime\Cache\Home\82c3c9ef9eecc4b856a4ee6f29a02af8.php 第 354 行.
NOTIC: [8] Undefined offset: 26 D:\phpStudy\WWW\myshop\shop\Runtime\Cache\Home\82c3c9ef9eecc4b856a4ee6f29a02af8.php 第 354 行.
INFO: Run Behavior\ParseTemplateBehavior [ RunTime:0.031002s ]
INFO: [ view_parse ] --END-- [ RunTime:0.031002s ]
INFO: [ view_filter ] --START--
INFO: Run Behavior\WriteHtmlCacheBehavior [ RunTime:0.001000s ]
INFO: [ view_filter ] --END-- [ RunTime:0.001000s ]
INFO: [ app_end ] --START--
INFO: Run Behavior\ShowPageTraceBehavior [ RunTime:0.001000s ]
INFO: [ app_end ] --END-- [ RunTime:0.001000s ]

